[2026-04-17T18:11:10Z] === ENRICH ITERATION 8 START | repo=facebook/jest sha=67c1aa20 ===
[2026-04-17T18:11:10Z] [iter=8] PHASE START: enrich repo=facebook/jest sha=67c1aa20 runlog=/home/runner/work/forx/forx/storage/aggregate/lsp/logs/67c1aa20-enrich-iter-008.log output=/home/runner/work/forx/forx/storage/aggregate/lsp/67c1aa20c5fec31366d733e901fee2b981cb1850.nq.gz
[2026-04-17T18:11:53Z] [iter=8] Step 1: Loading AST into disk-backed store mem_mb=83 MB
[2026-04-17T18:13:40Z] [iter=8] AST store loaded triples=9309439 load_secs=103 mem_mb=1076 MB
[2026-04-17T18:13:40Z] [iter=8] Step 2: Finding LSP targets mem_mb=1076 MB
[2026-04-17T18:13:51Z] [iter=8] LSP targets found call_sites=81315 imports=2227 extends=133 implements=9 secs=11
[2026-04-17T18:14:07Z] [iter=8] Loaded checkpoint partial graph triples=316479
[2026-04-17T18:14:13Z] [iter=8] Step 2.7: Building position index (one-shot, shared across resolvers) mem_mb=1254 MB
[2026-04-17T18:15:12Z] [iter=8] Position index built positions=604380 nodes_with_types=724270 secs=59 mem_mb=2309 MB
[2026-04-17T18:15:12Z] [iter=8] Step 3: Starting LSP resolution mem_mb=2309 MB already_completed_types=[] already_completed_files=1106
[2026-04-17T18:15:12Z] [iter=8] Resolving target type target_type=call_site count=81315
[2026-04-17T18:15:13Z] [iter=8] HEARTBEAT target_type=call_site elapsed_min=4.1 files_done=0 resolved=0 errors=0 current=packages/jest-circus/src/legacy-code-todo-rewrite/jestExpect.ts
[2026-04-17T18:16:07Z] [iter=8] HEARTBEAT target_type=call_site elapsed_min=5.0 files_done=3 resolved=0 errors=14 current=packages/jest-config/src/color.ts
[2026-04-17T18:17:04Z] [iter=8] HEARTBEAT target_type=call_site elapsed_min=5.9 files_done=5 resolved=1 errors=29 current=e2e/__tests__/regexCharInPath.test.ts
[2026-04-17T18:17:49Z] [iter=8] HEARTBEAT target_type=call_site elapsed_min=6.7 files_done=7 resolved=2 errors=41 current=e2e/__tests__/circusConcurrentEach.test.ts
[2026-04-17T18:18:53Z] [iter=8] HEARTBEAT target_type=call_site elapsed_min=7.7 files_done=9 resolved=2 errors=58 current=packages/jest-jasmine2/src/__tests__/hooksError.test.ts
[2026-04-17T18:19:33Z] [iter=8] HEARTBEAT target_type=call_site elapsed_min=8.4 files_done=15 resolved=3 errors=68 current=packages/jest-diff/src/printDiffs.ts
[2026-04-17T18:20:26Z] [iter=8] HEARTBEAT target_type=call_site elapsed_min=9.3 files_done=16 resolved=3 errors=82 current=packages/jest-util/src/createDirectory.ts
[2026-04-17T18:22:24Z] [iter=8] HEARTBEAT target_type=call_site elapsed_min=11.2 files_done=19 resolved=3 errors=114 current=e2e/__tests__/timerUseRealTimers.test.ts
[2026-04-17T18:23:29Z] [iter=8] HEARTBEAT target_type=call_site elapsed_min=12.3 files_done=22 resolved=3 errors=131 current=e2e/stack-trace-source-maps/__tests__/fails.ts
[2026-04-17T18:24:01Z] [iter=8] HEARTBEAT target_type=call_site elapsed_min=12.8 files_done=28 resolved=3 errors=139 current=packages/jest-haste-map/src/worker.ts
[2026-04-17T18:25:11Z] [iter=8] HEARTBEAT target_type=call_site elapsed_min=14.0 files_done=29 resolved=3 errors=158 current=packages/jest-serializer/src/index.ts
[2026-04-17T18:25:42Z] [iter=8] HEARTBEAT target_type=call_site elapsed_min=14.5 files_done=32 resolved=3 errors=166 current=e2e/coverage-provider-v8/cjs-with-babel-transformer/__tests__/test.ts
[2026-04-17T18:26:27Z] [iter=8] HEARTBEAT target_type=call_site elapsed_min=15.3 files_done=34 resolved=3 errors=178 current=packages/jest-jasmine2/src/jasmine/ReportDispatcher.ts
[2026-04-17T18:27:12Z] [iter=8] HEARTBEAT target_type=call_site elapsed_min=16.0 files_done=36 resolved=3 errors=190 current=packages/pretty-format/src/__tests__/ReactElement.test.ts
[2026-04-17T18:28:51Z] [iter=8] HEARTBEAT target_type=call_site elapsed_min=17.7 files_done=39 resolved=3 errors=216 current=packages/jest-reporters/src/BaseReporter.ts
[2026-04-17T18:29:32Z] [iter=8] HEARTBEAT target_type=call_site elapsed_min=18.4 files_done=42 resolved=4 errors=227 current=packages/jest-config/src/ReporterValidationErrors.ts
[2026-04-17T18:30:21Z] [iter=8] HEARTBEAT target_type=call_site elapsed_min=19.2 files_done=43 resolved=8 errors=240 current=e2e/__tests__/focusedTests.test.ts
[2026-04-17T18:31:22Z] [iter=8] HEARTBEAT target_type=call_site elapsed_min=20.2 files_done=47 resolved=8 errors=256 current=packages/jest-core/src/lib/watchPluginsHelpers.ts
[2026-04-17T18:32:11Z] [iter=8] HEARTBEAT target_type=call_site elapsed_min=21.0 files_done=48 resolved=8 errors=269 current=packages/jest-util/src/formatTime.ts
[2026-04-17T18:33:30Z] [iter=8] HEARTBEAT target_type=call_site elapsed_min=22.3 files_done=52 resolved=20 errors=290 current=packages/pretty-format/src/plugins/lib/markup.ts
[2026-04-17T18:34:07Z] [iter=8] HEARTBEAT target_type=call_site elapsed_min=23.0 files_done=53 resolved=20 errors=300 current=packages/jest-create-cache-key-function/src/index.ts
[2026-04-17T18:35:11Z] [iter=8] HEARTBEAT target_type=call_site elapsed_min=24.0 files_done=54 resolved=20 errors=317 current=e2e/__tests__/emptySuiteError.test.ts
[2026-04-17T18:36:01Z] [iter=8] HEARTBEAT target_type=call_site elapsed_min=24.9 files_done=57 resolved=21 errors=330 current=examples/angular/app.module.ts
[2026-04-17T18:37:22Z] [iter=8] HEARTBEAT target_type=call_site elapsed_min=26.2 files_done=61 resolved=22 errors=351 current=packages/jest-test-result/src/formatTestResults.ts
[2026-04-17T18:37:59Z] [iter=8] HEARTBEAT target_type=call_site elapsed_min=26.8 files_done=64 resolved=22 errors=361 current=packages/jest-watcher/src/JestHooks.ts
[2026-04-17T18:38:37Z] [iter=8] HEARTBEAT target_type=call_site elapsed_min=27.4 files_done=65 resolved=22 errors=371 current=e2e/__tests__/resolve.test.ts
[2026-04-17T18:39:22Z] [iter=8] HEARTBEAT target_type=call_site elapsed_min=28.2 files_done=68 resolved=23 errors=383 current=packages/jest-resolve/src/__tests__/isBuiltinModule.test.ts
[2026-04-17T18:39:56Z] [iter=8] HEARTBEAT target_type=call_site elapsed_min=28.8 files_done=70 resolved=23 errors=392 current=examples/typescript/calc.ts
[2026-04-17T18:40:31Z] [iter=8] HEARTBEAT target_type=call_site elapsed_min=29.3 files_done=72 resolved=23 errors=401 current=e2e/__tests__/testEnvironmentCircus.test.ts
[2026-04-17T18:41:06Z] [iter=8] HEARTBEAT target_type=call_site elapsed_min=29.9 files_done=76 resolved=23 errors=410 current=packages/pretty-format/src/plugins/lib/escapeHTML.ts
[2026-04-17T18:41:43Z] [iter=8] HEARTBEAT target_type=call_site elapsed_min=30.6 files_done=78 resolved=24 errors=420 current=packages/jest-snapshot/src/__tests__/matcher.test.ts
[2026-04-17T18:42:17Z] [iter=8] HEARTBEAT target_type=call_site elapsed_min=31.1 files_done=80 resolved=24 errors=429 current=packages/jest-config/src/__tests__/setFromArgv.test.ts
[2026-04-17T18:43:02Z] [iter=8] HEARTBEAT target_type=call_site elapsed_min=31.9 files_done=82 resolved=24 errors=441 current=e2e/__tests__/consoleDebugging.test.ts
[2026-04-17T18:43:56Z] [iter=8] HEARTBEAT target_type=call_site elapsed_min=32.8 files_done=85 resolved=24 errors=455 current=packages/jest-cli/src/cli/args.ts
[2026-04-17T18:44:26Z] [iter=8] HEARTBEAT target_type=call_site elapsed_min=33.3 files_done=86 resolved=24 errors=463 current=packages/jest-jasmine2/src/expectationResultFactory.ts
[2026-04-17T18:44:57Z] [iter=8] HEARTBEAT target_type=call_site elapsed_min=33.8 files_done=92 resolved=24 errors=471 current=e2e/__tests__/resolveNodeModule.test.ts
[2026-04-17T18:46:02Z] [iter=8] HEARTBEAT target_type=call_site elapsed_min=34.9 files_done=97 resolved=24 errors=488 current=packages/jest-changed-files/src/hg.ts
[2026-04-17T18:46:39Z] [iter=8] HEARTBEAT target_type=call_site elapsed_min=35.5 files_done=98 resolved=24 errors=498 current=e2e/__tests__/requireMainAfterCreateRequire.test.ts
[2026-04-17T18:47:10Z] [iter=8] HEARTBEAT target_type=call_site elapsed_min=36.0 files_done=101 resolved=24 errors=506 current=e2e/__tests__/beforeAllFiltered.ts
[2026-04-17T18:47:44Z] [iter=8] HEARTBEAT target_type=call_site elapsed_min=36.6 files_done=105 resolved=24 errors=515 current=packages/expect/__typetests__/expect.test.ts
[2026-04-17T18:48:33Z] [iter=8] HEARTBEAT target_type=call_site elapsed_min=37.4 files_done=108 resolved=24 errors=528 current=packages/jest-core/src/getNoTestFoundPassWithNoTests.ts
[2026-04-17T18:49:25Z] [iter=8] HEARTBEAT target_type=call_site elapsed_min=38.3 files_done=110 resolved=24 errors=542 current=packages/jest-core/src/getNoTestFound.ts
[2026-04-17T18:50:07Z] [iter=8] HEARTBEAT target_type=call_site elapsed_min=38.9 files_done=112 resolved=24 errors=553 current=packages/expect/src/__tests__/symbolInObjects.test.ts
[2026-04-17T18:50:51Z] [iter=8] HEARTBEAT target_type=call_site elapsed_min=39.7 files_done=115 resolved=28 errors=565 current=e2e/__tests__/iterator-to-null-test.ts
[2026-04-17T18:51:22Z] [iter=8] HEARTBEAT target_type=call_site elapsed_min=40.2 files_done=118 resolved=28 errors=573 current=examples/typescript/CheckboxWithLabel.tsx
[2026-04-17T18:51:54Z] [iter=8] HEARTBEAT target_type=call_site elapsed_min=40.7 files_done=123 resolved=29 errors=581 current=packages/jest-test-result/src/__tests__/formatTestResults.test.ts
[2026-04-17T18:52:47Z] [iter=8] HEARTBEAT target_type=call_site elapsed_min=41.6 files_done=127 resolved=29 errors=595 current=packages/jest-haste-map/src/lib/getPlatformExtension.ts
[2026-04-17T18:53:18Z] [iter=8] HEARTBEAT target_type=call_site elapsed_min=42.1 files_done=130 resolved=29 errors=603 current=packages/jest-globals/src/__tests__/index.ts
[2026-04-17T18:54:04Z] [iter=8] HEARTBEAT target_type=call_site elapsed_min=42.9 files_done=136 resolved=31 errors=615 current=packages/jest-core/src/getProjectNamesMissingWarning.ts
[2026-04-17T18:54:42Z] [iter=8] HEARTBEAT target_type=call_site elapsed_min=43.5 files_done=138 resolved=31 errors=625 current=packages/jest-util/src/ErrorWithStack.ts
[2026-04-17T18:55:13Z] [iter=8] HEARTBEAT target_type=call_site elapsed_min=44.1 files_done=145 resolved=31 errors=633 current=packages/jest-reporters/src/CoverageWorker.ts
[2026-04-17T18:55:49Z] [iter=8] HEARTBEAT target_type=call_site elapsed_min=44.7 files_done=151 resolved=31 errors=642 current=packages/jest-haste-map/src/lib/isRegExpSupported.ts
[2026-04-17T18:56:20Z] [iter=8] HEARTBEAT target_type=call_site elapsed_min=45.2 files_done=158 resolved=33 errors=650 current=packages/jest-config/src/validatePattern.ts
[2026-04-17T18:56:59Z] [iter=8] HEARTBEAT target_type=call_site elapsed_min=45.8 files_done=167 resolved=35 errors=660 current=packages/jest-watcher/src/constants.ts
[2026-04-17T18:57:12Z] [iter=8] Target type resolved target_type=call_site resolved=35 errors=663 secs=2520 mem_mb=2328 MB
[2026-04-17T18:57:12Z] [iter=8] Resolving target type target_type=import_statement count=2227
[2026-04-17T18:57:24Z] [iter=8] Target type resolved target_type=import_statement resolved=194 errors=0 secs=13 mem_mb=2328 MB
[2026-04-17T18:57:24Z] [iter=8] Resolving target type target_type=extends_clause count=133
[2026-04-17T18:57:28Z] [iter=8] Target type resolved target_type=extends_clause resolved=26 errors=0 secs=3 mem_mb=2328 MB
[2026-04-17T18:57:28Z] [iter=8] Resolving target type target_type=implements_clause count=9
[2026-04-17T18:57:29Z] [iter=8] HEARTBEAT target_type=implements_clause elapsed_min=46.3 files_done=1 resolved=1 errors=0 current=packages/jest-reporters/src/BaseReporter.ts
[2026-04-17T18:57:30Z] [iter=8] Target type resolved target_type=implements_clause resolved=4 errors=0 secs=2 mem_mb=2328 MB
[2026-04-17T18:58:07Z] [iter=8] Step 5: Writing final enrichment file triples=594690
[2026-04-17T18:58:21Z] [iter=8] Enrichment file written path=/home/runner/work/forx/forx/storage/aggregate/lsp/67c1aa20c5fec31366d733e901fee2b981cb1850.nq.gz size_kb=13464
[2026-04-17T18:58:21Z] [iter=8] Checkpoint cleared (enrichment complete)
[2026-04-17T18:58:21Z] [iter=8] PHASE END: enrich elapsed_s=2831 elapsed_min=47.2 total_triples=594690
