[2026-04-17T14:04:46Z] === ENRICH ITERATION 7 START | repo=facebook/jest sha=67c1aa20 ===
[2026-04-17T14:04:46Z] [iter=7] PHASE START: enrich repo=facebook/jest sha=67c1aa20 runlog=/home/runner/work/forx/forx/storage/aggregate/lsp/logs/67c1aa20-enrich-iter-007.log output=/home/runner/work/forx/forx/storage/aggregate/lsp/67c1aa20c5fec31366d733e901fee2b981cb1850.nq.gz
[2026-04-17T14:05:31Z] [iter=7] Step 1: Loading AST into disk-backed store mem_mb=83 MB
[2026-04-17T14:07:13Z] [iter=7] AST store loaded triples=9309439 load_secs=98 mem_mb=1096 MB
[2026-04-17T14:07:13Z] [iter=7] Step 2: Finding LSP targets mem_mb=1096 MB
[2026-04-17T14:07:23Z] [iter=7] LSP targets found call_sites=81315 imports=2227 extends=133 implements=9 secs=10
[2026-04-17T14:07:36Z] [iter=7] Loaded checkpoint partial graph triples=294142
[2026-04-17T14:07:42Z] [iter=7] Step 2.7: Building position index (one-shot, shared across resolvers) mem_mb=1222 MB
[2026-04-17T14:08:36Z] [iter=7] Position index built positions=604380 nodes_with_types=724270 secs=55 mem_mb=2284 MB
[2026-04-17T14:08:36Z] [iter=7] Step 3: Starting LSP resolution mem_mb=2284 MB already_completed_types=[] already_completed_files=841
[2026-04-17T14:08:36Z] [iter=7] Resolving target type target_type=call_site count=81315
[2026-04-17T14:08:37Z] [iter=7] HEARTBEAT target_type=call_site elapsed_min=3.9 files_done=0 resolved=0 errors=0 current=packages/jest-snapshot/src/InlineSnapshots.ts
[2026-04-17T14:11:56Z] [iter=7] HEARTBEAT target_type=call_site elapsed_min=7.2 files_done=1 resolved=0 errors=54 current=packages/jest-transform/src/__tests__/shouldInstrument.test.ts
[2026-04-17T14:13:43Z] [iter=7] HEARTBEAT target_type=call_site elapsed_min=9.0 files_done=2 resolved=0 errors=83 current=packages/jest-config/src/getCacheDirectory.ts
[2026-04-17T14:15:37Z] [iter=7] HEARTBEAT target_type=call_site elapsed_min=10.9 files_done=4 resolved=0 errors=114 current=packages/jest-environment-jsdom/src/__mocks__/index.ts
[2026-04-17T14:19:49Z] [iter=7] HEARTBEAT target_type=call_site elapsed_min=15.0 files_done=7 resolved=0 errors=182 current=e2e/__tests__/supportsDashedArgs.ts
[2026-04-17T14:21:29Z] [iter=7] HEARTBEAT target_type=call_site elapsed_min=16.7 files_done=9 resolved=3 errors=209 current=e2e/__tests__/watchModePatterns.test.ts
[2026-04-17T14:22:25Z] [iter=7] HEARTBEAT target_type=call_site elapsed_min=17.6 files_done=10 resolved=4 errors=224 current=packages/expect/src/__tests__/matchers-toStrictEqual.property.test.ts
[2026-04-17T14:23:57Z] [iter=7] HEARTBEAT target_type=call_site elapsed_min=19.2 files_done=11 resolved=4 errors=249 current=packages/expect/src/__tests__/stacktrace.test.ts
[2026-04-17T14:24:49Z] [iter=7] HEARTBEAT target_type=call_site elapsed_min=20.0 files_done=12 resolved=4 errors=263 current=e2e/__tests__/errorOnDeprecated.test.ts
[2026-04-17T14:25:19Z] [iter=7] HEARTBEAT target_type=call_site elapsed_min=20.5 files_done=13 resolved=5 errors=271 current=e2e/__tests__/browserResolve.ts
[2026-04-17T14:26:03Z] [iter=7] HEARTBEAT target_type=call_site elapsed_min=21.3 files_done=15 resolved=5 errors=283 current=packages/jest-resolve/src/fileWalkers.ts
[2026-04-17T14:27:43Z] [iter=7] HEARTBEAT target_type=call_site elapsed_min=22.9 files_done=16 resolved=5 errors=310 current=packages/jest-matcher-utils/src/__tests__/index.test.ts
[2026-04-17T14:31:21Z] [iter=7] HEARTBEAT target_type=call_site elapsed_min=26.6 files_done=17 resolved=14 errors=368 current=packages/jest-config/src/utils.ts
[2026-04-17T14:32:32Z] [iter=7] HEARTBEAT target_type=call_site elapsed_min=27.8 files_done=18 resolved=14 errors=387 current=packages/jest-transform/src/runtimeErrorsAndWarnings.ts
[2026-04-17T14:33:21Z] [iter=7] HEARTBEAT target_type=call_site elapsed_min=28.6 files_done=19 resolved=14 errors=400 current=e2e/__tests__/expectAsyncMatcher.test.ts
[2026-04-17T14:33:55Z] [iter=7] HEARTBEAT target_type=call_site elapsed_min=29.1 files_done=20 resolved=14 errors=409 current=packages/pretty-format/src/__tests__/DOMElement.test.ts
[2026-04-17T14:36:46Z] [iter=7] HEARTBEAT target_type=call_site elapsed_min=32.0 files_done=21 resolved=63 errors=455 current=packages/jest-jasmine2/src/setup_jest_globals.ts
[2026-04-17T14:38:04Z] [iter=7] HEARTBEAT target_type=call_site elapsed_min=33.3 files_done=22 resolved=63 errors=476 current=packages/expect/src/matchers.ts
[2026-04-17T14:51:55Z] [iter=7] HEARTBEAT target_type=call_site elapsed_min=47.1 files_done=23 resolved=63 errors=702 current=packages/jest-circus/src/__tests__/hooksError.test.ts
[2026-04-17T14:54:00Z] [iter=7] HEARTBEAT target_type=call_site elapsed_min=49.2 files_done=25 resolved=64 errors=736 current=e2e/__tests__/fatalWorkerError.test.ts
[2026-04-17T14:54:42Z] [iter=7] HEARTBEAT target_type=call_site elapsed_min=49.9 files_done=27 resolved=65 errors=747 current=e2e/__tests__/testFailureExitCode.test.ts
[2026-04-17T14:55:33Z] [iter=7] HEARTBEAT target_type=call_site elapsed_min=50.8 files_done=28 resolved=69 errors=761 current=packages/jest-console/src/__tests__/getConsoleOutput.test.ts
[2026-04-17T14:57:20Z] [iter=7] HEARTBEAT target_type=call_site elapsed_min=52.6 files_done=30 resolved=69 errors=790 current=e2e/__tests__/jestRequireActual.test.ts
[2026-04-17T14:57:57Z] [iter=7] HEARTBEAT target_type=call_site elapsed_min=53.2 files_done=33 resolved=73 errors=800 current=packages/jest-diff/src/joinAlignedDiffs.ts
[2026-04-17T14:59:58Z] [iter=7] HEARTBEAT target_type=call_site elapsed_min=55.2 files_done=34 resolved=73 errors=833 current=packages/jest-jasmine2/src/__tests__/queueRunner.test.ts
[2026-04-17T15:00:53Z] [iter=7] HEARTBEAT target_type=call_site elapsed_min=56.1 files_done=35 resolved=73 errors=848 current=packages/jest-config/src/index.ts
[2026-04-17T15:02:47Z] [iter=7] HEARTBEAT target_type=call_site elapsed_min=58.0 files_done=36 resolved=75 errors=879 current=e2e/__tests__/resolveConditions.test.ts
[2026-04-17T15:04:26Z] [iter=7] HEARTBEAT target_type=call_site elapsed_min=59.7 files_done=38 resolved=77 errors=906 current=packages/jest-diff/src/diffLines.ts
[2026-04-17T15:06:06Z] [iter=7] HEARTBEAT target_type=call_site elapsed_min=61.3 files_done=39 resolved=77 errors=933 current=packages/jest-test-sequencer/src/index.ts
[2026-04-17T15:07:56Z] [iter=7] HEARTBEAT target_type=call_site elapsed_min=63.2 files_done=40 resolved=78 errors=963 current=packages/jest-runner/src/runTest.ts
[2026-04-17T15:10:20Z] [iter=7] HEARTBEAT target_type=call_site elapsed_min=65.6 files_done=41 resolved=79 errors=1002 current=packages/jest-core/src/lib/handleDeprecationWarnings.ts
[2026-04-17T15:11:12Z] [iter=7] HEARTBEAT target_type=call_site elapsed_min=66.4 files_done=42 resolved=79 errors=1016 current=packages/jest-core/src/plugins/TestPathPattern.ts
[2026-04-17T15:12:44Z] [iter=7] HEARTBEAT target_type=call_site elapsed_min=68.0 files_done=44 resolved=79 errors=1041 current=packages/jest-validate/src/utils.ts
[2026-04-17T15:13:28Z] [iter=7] HEARTBEAT target_type=call_site elapsed_min=68.7 files_done=45 resolved=80 errors=1053 current=e2e/__tests__/jasmineAsyncWithPendingDuringTest.ts
[2026-04-17T15:14:20Z] [iter=7] HEARTBEAT target_type=call_site elapsed_min=69.6 files_done=47 resolved=80 errors=1067 current=packages/jest-serializer/src/__tests__/index.test.ts
[2026-04-17T15:14:59Z] [iter=7] HEARTBEAT target_type=call_site elapsed_min=70.2 files_done=48 resolved=85 errors=1077 current=packages/expect/src/jestMatchersObject.ts
[2026-04-17T15:15:53Z] [iter=7] HEARTBEAT target_type=call_site elapsed_min=71.1 files_done=51 resolved=88 errors=1091 current=packages/babel-jest/src/index.ts
[2026-04-17T15:18:56Z] [iter=7] HEARTBEAT target_type=call_site elapsed_min=74.2 files_done=52 resolved=88 errors=1140 current=packages/jest-haste-map/src/lib/dependencyExtractor.ts
[2026-04-17T15:20:03Z] [iter=7] HEARTBEAT target_type=call_site elapsed_min=75.3 files_done=53 resolved=88 errors=1158 current=packages/diff-sequences/src/index.ts
[2026-04-17T15:22:07Z] [iter=7] HEARTBEAT target_type=call_site elapsed_min=77.3 files_done=54 resolved=89 errors=1191 current=packages/jest-core/src/lib/activeFiltersMessage.ts
[2026-04-17T15:22:44Z] [iter=7] HEARTBEAT target_type=call_site elapsed_min=78.0 files_done=56 resolved=93 errors=1201 current=packages/jest-environment-jsdom/src/__tests__/jsdom_environment.test.ts
[2026-04-17T15:23:22Z] [iter=7] HEARTBEAT target_type=call_site elapsed_min=78.6 files_done=57 resolved=93 errors=1211 current=packages/expect/src/__tests__/matchers-toEqual.property.test.ts
[2026-04-17T15:24:22Z] [iter=7] HEARTBEAT target_type=call_site elapsed_min=79.6 files_done=58 resolved=93 errors=1227 current=e2e/__tests__/badSourceMap.test.ts
[2026-04-17T15:26:18Z] [iter=7] HEARTBEAT target_type=call_site elapsed_min=81.5 files_done=60 resolved=93 errors=1258 current=packages/jest-jasmine2/src/queueRunner.ts
[2026-04-17T15:27:25Z] [iter=7] HEARTBEAT target_type=call_site elapsed_min=82.6 files_done=61 resolved=93 errors=1276 current=packages/pretty-format/src/plugins/DOMCollection.ts
[2026-04-17T15:28:28Z] [iter=7] HEARTBEAT target_type=call_site elapsed_min=83.7 files_done=63 resolved=93 errors=1293 current=packages/jest-create-cache-key-function/src/__tests__/index.test.ts
[2026-04-17T15:29:21Z] [iter=7] HEARTBEAT target_type=call_site elapsed_min=84.6 files_done=65 resolved=93 errors=1307 current=e2e/__tests__/transformLinkedModules.test.ts
[2026-04-17T15:30:33Z] [iter=7] HEARTBEAT target_type=call_site elapsed_min=85.8 files_done=68 resolved=93 errors=1326 current=e2e/__tests__/toThrowErrorMatchingSnapshot.test.ts
[2026-04-17T15:32:07Z] [iter=7] HEARTBEAT target_type=call_site elapsed_min=87.3 files_done=69 resolved=93 errors=1351 current=packages/jest-jasmine2/src/jasmineAsyncInstall.ts
[2026-04-17T15:35:18Z] [iter=7] HEARTBEAT target_type=call_site elapsed_min=90.5 files_done=70 resolved=93 errors=1403 current=e2e/__tests__/nestedTestDefinitions.test.ts
[2026-04-17T15:36:14Z] [iter=7] HEARTBEAT target_type=call_site elapsed_min=91.5 files_done=71 resolved=93 errors=1418 current=packages/jest-core/src/plugins/TestNamePattern.ts
[2026-04-17T15:38:20Z] [iter=7] HEARTBEAT target_type=call_site elapsed_min=93.6 files_done=73 resolved=93 errors=1452 current=e2e/__tests__/global.test.ts
[2026-04-17T15:39:09Z] [iter=7] HEARTBEAT target_type=call_site elapsed_min=94.4 files_done=75 resolved=95 errors=1465 current=packages/jest-worker/src/base/BaseWorkerPool.ts
[2026-04-17T15:39:56Z] [iter=7] HEARTBEAT target_type=call_site elapsed_min=95.2 files_done=76 resolved=95 errors=1478 current=packages/expect/src/print.ts
[2026-04-17T15:41:53Z] [iter=7] HEARTBEAT target_type=call_site elapsed_min=97.1 files_done=77 resolved=95 errors=1510 current=e2e/__tests__/each.test.ts
[2026-04-17T15:43:00Z] [iter=7] HEARTBEAT target_type=call_site elapsed_min=98.2 files_done=78 resolved=95 errors=1528 current=packages/jest-get-type/src/index.ts
[2026-04-17T15:43:59Z] [iter=7] HEARTBEAT target_type=call_site elapsed_min=99.2 files_done=81 resolved=96 errors=1544 current=e2e/__tests__/snapshot-unknown.test.ts
[2026-04-17T15:46:00Z] [iter=7] HEARTBEAT target_type=call_site elapsed_min=101.2 files_done=83 resolved=96 errors=1577 current=packages/pretty-format/src/plugins/ReactTestComponent.ts
[2026-04-17T15:46:37Z] [iter=7] HEARTBEAT target_type=call_site elapsed_min=101.8 files_done=86 resolved=98 errors=1587 current=e2e/__tests__/circularInequality.test.ts
[2026-04-17T15:47:14Z] [iter=7] HEARTBEAT target_type=call_site elapsed_min=102.5 files_done=87 resolved=98 errors=1597 current=packages/jest-haste-map/src/crawlers/node.ts
[2026-04-17T15:50:50Z] [iter=7] HEARTBEAT target_type=call_site elapsed_min=106.1 files_done=88 resolved=98 errors=1656 current=packages/jest-fake-timers/src/legacyFakeTimers.ts
[2026-04-17T15:57:02Z] [iter=7] HEARTBEAT target_type=call_site elapsed_min=112.3 files_done=89 resolved=98 errors=1758 current=packages/jest-config/src/setFromArgv.ts
[2026-04-17T15:58:01Z] [iter=7] HEARTBEAT target_type=call_site elapsed_min=113.2 files_done=91 resolved=100 errors=1774 current=packages/jest-config/src/readConfigFileAndSetRootDir.ts
[2026-04-17T15:59:03Z] [iter=7] HEARTBEAT target_type=call_site elapsed_min=114.3 files_done=92 resolved=100 errors=1791 current=packages/jest-util/src/installCommonGlobals.ts
[2026-04-17T15:59:51Z] [iter=7] HEARTBEAT target_type=call_site elapsed_min=115.1 files_done=93 resolved=100 errors=1804 current=packages/jest-reporters/src/Status.ts
[2026-04-17T16:01:30Z] [iter=7] HEARTBEAT target_type=call_site elapsed_min=116.7 files_done=94 resolved=101 errors=1831 current=packages/jest-matcher-utils/src/deepCyclicCopyReplaceable.ts
[2026-04-17T16:02:36Z] [iter=7] HEARTBEAT target_type=call_site elapsed_min=117.8 files_done=95 resolved=101 errors=1849 current=packages/jest-worker/src/Farm.ts
[2026-04-17T16:04:00Z] [iter=7] HEARTBEAT target_type=call_site elapsed_min=119.2 files_done=96 resolved=101 errors=1872 current=packages/jest-watcher/src/lib/colorize.ts
[2026-04-17T16:05:46Z] [iter=7] HEARTBEAT target_type=call_site elapsed_min=121.0 files_done=98 resolved=101 errors=1901 current=packages/jest-config/src/__tests__/readConfigs.test.ts
[2026-04-17T16:07:01Z] [iter=7] HEARTBEAT target_type=call_site elapsed_min=122.2 files_done=101 resolved=105 errors=1921 current=e2e/__tests__/crawlSymlinks.test.ts
[2026-04-17T16:07:38Z] [iter=7] HEARTBEAT target_type=call_site elapsed_min=122.9 files_done=102 resolved=106 errors=1931 current=e2e/__tests__/runTestsByPath.test.ts
[2026-04-17T16:09:02Z] [iter=7] HEARTBEAT target_type=call_site elapsed_min=124.3 files_done=104 resolved=107 errors=1954 current=packages/expect/src/__tests__/isError.test.ts
[2026-04-17T16:10:41Z] [iter=7] HEARTBEAT target_type=call_site elapsed_min=125.9 files_done=106 resolved=109 errors=1981 current=e2e/__tests__/coverageTransformInstrumented.test.ts
[2026-04-17T16:11:15Z] [iter=7] HEARTBEAT target_type=call_site elapsed_min=126.5 files_done=107 resolved=112 errors=1990 current=e2e/__tests__/mockNames.test.ts
[2026-04-17T16:12:18Z] [iter=7] HEARTBEAT target_type=call_site elapsed_min=127.5 files_done=109 resolved=112 errors=2007 current=packages/expect/src/toThrowMatchers.ts
[2026-04-17T16:18:01Z] [iter=7] HEARTBEAT target_type=call_site elapsed_min=133.2 files_done=110 resolved=112 errors=2100 current=packages/jest-leak-detector/src/index.ts
[2026-04-17T16:18:38Z] [iter=7] HEARTBEAT target_type=call_site elapsed_min=133.9 files_done=111 resolved=112 errors=2110 current=packages/babel-plugin-jest-hoist/src/index.ts
[2026-04-17T16:22:05Z] [iter=7] HEARTBEAT target_type=call_site elapsed_min=137.3 files_done=112 resolved=114 errors=2166 current=packages/pretty-format/src/__tests__/ConvertAnsi.test.ts
[2026-04-17T16:22:55Z] [iter=7] HEARTBEAT target_type=call_site elapsed_min=138.1 files_done=114 resolved=114 errors=2179 current=e2e/__tests__/watchModeNoAccess.test.ts
[2026-04-17T16:24:35Z] [iter=7] HEARTBEAT target_type=call_site elapsed_min=139.8 files_done=115 resolved=116 errors=2206 current=e2e/__tests__/coverageRemapping.test.ts
[2026-04-17T16:25:09Z] [iter=7] HEARTBEAT target_type=call_site elapsed_min=140.4 files_done=116 resolved=119 errors=2215 current=examples/typescript/__tests__/sum-test.ts
[2026-04-17T16:25:57Z] [iter=7] HEARTBEAT target_type=call_site elapsed_min=141.2 files_done=118 resolved=119 errors=2228 current=examples/angular/shared/data.service.ts
[2026-04-17T16:26:39Z] [iter=7] HEARTBEAT target_type=call_site elapsed_min=141.9 files_done=120 resolved=119 errors=2239 current=e2e/__tests__/coverageReport.test.ts
[2026-04-17T16:27:46Z] [iter=7] HEARTBEAT target_type=call_site elapsed_min=143.0 files_done=121 resolved=120 errors=2257 current=packages/jest-each/src/validation.ts
[2026-04-17T16:28:45Z] [iter=7] HEARTBEAT target_type=call_site elapsed_min=144.0 files_done=122 resolved=120 errors=2273 current=packages/jest-environment-jsdom/src/index.ts
[2026-04-17T16:29:19Z] [iter=7] HEARTBEAT target_type=call_site elapsed_min=144.5 files_done=123 resolved=120 errors=2282 current=packages/jest-jasmine2/src/jasmine/Spec.ts
[2026-04-17T16:31:21Z] [iter=7] HEARTBEAT target_type=call_site elapsed_min=146.6 files_done=124 resolved=120 errors=2315 current=e2e/__tests__/autoRestoreMocks.test.ts
[2026-04-17T16:32:47Z] [iter=7] HEARTBEAT target_type=call_site elapsed_min=148.0 files_done=127 resolved=120 errors=2338 current=e2e/__tests__/testRetries.test.ts
[2026-04-17T16:33:36Z] [iter=7] HEARTBEAT target_type=call_site elapsed_min=148.8 files_done=128 resolved=126 errors=2351 current=packages/jest-each/src/table/array.ts
[2026-04-17T16:35:23Z] [iter=7] HEARTBEAT target_type=call_site elapsed_min=150.6 files_done=129 resolved=126 errors=2380 current=packages/jest-each/src/bind.ts
[2026-04-17T16:36:26Z] [iter=7] HEARTBEAT target_type=call_site elapsed_min=151.7 files_done=130 resolved=126 errors=2397 current=e2e/__tests__/dependencyClash.test.ts
[2026-04-17T16:36:56Z] [iter=7] HEARTBEAT target_type=call_site elapsed_min=152.2 files_done=131 resolved=126 errors=2405 current=packages/jest-validate/src/condition.ts
[2026-04-17T16:37:26Z] [iter=7] HEARTBEAT target_type=call_site elapsed_min=152.7 files_done=133 resolved=127 errors=2413 current=packages/jest-worker/src/index.ts
[2026-04-17T16:38:11Z] [iter=7] HEARTBEAT target_type=call_site elapsed_min=153.4 files_done=134 resolved=128 errors=2425 current=e2e/__tests__/snapshotMockFs.test.ts
[2026-04-17T16:39:21Z] [iter=7] HEARTBEAT target_type=call_site elapsed_min=154.6 files_done=136 resolved=128 errors=2444 current=e2e/__tests__/jestEnvironmentJsdom.test.ts
[2026-04-17T16:40:39Z] [iter=7] HEARTBEAT target_type=call_site elapsed_min=155.9 files_done=138 resolved=129 errors=2465 current=packages/jest-circus/src/__tests__/circusItTestError.test.ts
[2026-04-17T16:41:14Z] [iter=7] HEARTBEAT target_type=call_site elapsed_min=156.5 files_done=139 resolved=129 errors=2474 current=e2e/__tests__/showConfig.test.ts
[2026-04-17T16:42:10Z] [iter=7] HEARTBEAT target_type=call_site elapsed_min=157.4 files_done=140 resolved=130 errors=2489 current=e2e/__tests__/nativeAsyncMock.test.ts
[2026-04-17T16:43:02Z] [iter=7] HEARTBEAT target_type=call_site elapsed_min=158.3 files_done=142 resolved=131 errors=2503 current=e2e/__tests__/emptyDescribeWithHooks.test.ts
[2026-04-17T16:43:39Z] [iter=7] HEARTBEAT target_type=call_site elapsed_min=158.9 files_done=143 resolved=131 errors=2513 current=e2e/__tests__/requireMainResetModules.test.ts
[2026-04-17T16:44:27Z] [iter=7] HEARTBEAT target_type=call_site elapsed_min=159.7 files_done=145 resolved=131 errors=2526 current=packages/jest-jasmine2/src/reporter.ts
[2026-04-17T16:45:37Z] [iter=7] HEARTBEAT target_type=call_site elapsed_min=160.8 files_done=146 resolved=131 errors=2545 current=e2e/__tests__/autoClearMocks.test.ts
[2026-04-17T16:46:43Z] [iter=7] HEARTBEAT target_type=call_site elapsed_min=161.9 files_done=148 resolved=131 errors=2563 current=packages/jest-snapshot/src/utils.ts
[2026-04-17T16:49:54Z] [iter=7] HEARTBEAT target_type=call_site elapsed_min=165.1 files_done=149 resolved=132 errors=2615 current=packages/jest-cli/src/init/errors.ts
[2026-04-17T16:54:34Z] [iter=7] HEARTBEAT target_type=call_site elapsed_min=169.8 files_done=151 resolved=132 errors=2691 current=e2e/__tests__/promiseReject.test.ts
[2026-04-17T16:55:34Z] [iter=7] HEARTBEAT target_type=call_site elapsed_min=170.8 files_done=153 resolved=132 errors=2707 current=e2e/__tests__/toMatchSnapshotWithRetries.test.ts
[2026-04-17T16:57:07Z] [iter=7] HEARTBEAT target_type=call_site elapsed_min=172.3 files_done=154 resolved=132 errors=2732 current=e2e/__tests__/customReporters.test.ts
[2026-04-17T16:58:13Z] [iter=7] HEARTBEAT target_type=call_site elapsed_min=173.4 files_done=155 resolved=143 errors=2750 current=packages/expect/src/index.ts
[2026-04-17T17:01:40Z] [iter=7] HEARTBEAT target_type=call_site elapsed_min=176.9 files_done=156 resolved=143 errors=2806 current=packages/jest-core/src/getConfigsOfProjectsToRun.ts
[2026-04-17T17:02:29Z] [iter=7] HEARTBEAT target_type=call_site elapsed_min=177.7 files_done=158 resolved=143 errors=2819 current=packages/jest-matcher-utils/src/__tests__/deepCyclicCopyReplaceableDom.test.ts
[2026-04-17T17:03:25Z] [iter=7] HEARTBEAT target_type=call_site elapsed_min=178.6 files_done=160 resolved=146 errors=2834 current=packages/jest-util/src/__tests__/installCommonGlobals.test.ts
[2026-04-17T17:04:47Z] [iter=7] HEARTBEAT target_type=call_site elapsed_min=180.0 files_done=162 resolved=146 errors=2856 current=e2e/stack-trace-source-maps-with-coverage/__tests__/fails.ts
[2026-04-17T17:06:31Z] [iter=7] HEARTBEAT target_type=call_site elapsed_min=181.8 files_done=164 resolved=146 errors=2884 current=packages/pretty-format/src/__tests__/DOMCollection.test.ts
[2026-04-17T17:07:16Z] [iter=7] HEARTBEAT target_type=call_site elapsed_min=182.5 files_done=166 resolved=151 errors=2896 current=packages/jest-snapshot/src/State.ts
[2026-04-17T17:09:11Z] [iter=7] HEARTBEAT target_type=call_site elapsed_min=184.4 files_done=167 resolved=151 errors=2927 current=e2e/__tests__/setupFilesAfterEnvConfig.test.ts
[2026-04-17T17:10:11Z] [iter=7] HEARTBEAT target_type=call_site elapsed_min=185.4 files_done=169 resolved=153 errors=2943 current=packages/jest-console/src/BufferedConsole.ts
[2026-04-17T17:12:54Z] [iter=7] HEARTBEAT target_type=call_site elapsed_min=188.1 files_done=170 resolved=153 errors=2987 current=packages/jest-circus/src/globalErrorHandlers.ts
[2026-04-17T17:13:27Z] [iter=7] HEARTBEAT target_type=call_site elapsed_min=188.7 files_done=171 resolved=153 errors=2996 current=e2e/__tests__/autoResetMocks.test.ts
[2026-04-17T17:14:42Z] [iter=7] HEARTBEAT target_type=call_site elapsed_min=189.9 files_done=173 resolved=153 errors=3016 current=packages/jest-reporters/src/VerboseReporter.ts
[2026-04-17T17:17:24Z] [iter=7] HEARTBEAT target_type=call_site elapsed_min=192.6 files_done=174 resolved=153 errors=3060 current=e2e/__tests__/timerResetMocks.test.ts
[2026-04-17T17:19:45Z] [iter=7] HEARTBEAT target_type=call_site elapsed_min=195.0 files_done=176 resolved=154 errors=3098 current=packages/jest-reporters/src/getResultHeader.ts
[2026-04-17T17:20:26Z] [iter=7] HEARTBEAT target_type=call_site elapsed_min=195.7 files_done=177 resolved=154 errors=3109 current=e2e/__tests__/noTestFound.test.ts
[2026-04-17T17:21:26Z] [iter=7] HEARTBEAT target_type=call_site elapsed_min=196.7 files_done=181 resolved=154 errors=3125 current=e2e/__tests__/declarationErrors.test.ts
[2026-04-17T17:22:25Z] [iter=7] HEARTBEAT target_type=call_site elapsed_min=197.6 files_done=183 resolved=155 errors=3141 current=packages/jest-repl/src/cli/repl.ts
[2026-04-17T17:22:58Z] [iter=7] HEARTBEAT target_type=call_site elapsed_min=198.2 files_done=184 resolved=155 errors=3150 current=packages/jest-phabricator/src/index.ts
[2026-04-17T17:24:09Z] [iter=7] HEARTBEAT target_type=call_site elapsed_min=199.4 files_done=186 resolved=156 errors=3169 current=packages/jest-changed-files/src/index.ts
[2026-04-17T17:25:15Z] [iter=7] HEARTBEAT target_type=call_site elapsed_min=200.5 files_done=187 resolved=156 errors=3187 current=packages/jest-core/src/TestPathPatternPrompt.ts
[2026-04-17T17:26:29Z] [iter=7] HEARTBEAT target_type=call_site elapsed_min=201.7 files_done=189 resolved=156 errors=3207 current=e2e/__tests__/testNamePattern.test.ts
[2026-04-17T17:27:26Z] [iter=7] HEARTBEAT target_type=call_site elapsed_min=202.7 files_done=192 resolved=157 errors=3222 current=packages/jest-haste-map/src/HasteFS.ts
[2026-04-17T17:28:43Z] [iter=7] HEARTBEAT target_type=call_site elapsed_min=203.9 files_done=193 resolved=157 errors=3243 current=packages/jest-cli/src/cli/index.ts
[2026-04-17T17:30:34Z] [iter=7] HEARTBEAT target_type=call_site elapsed_min=205.8 files_done=194 resolved=158 errors=3273 current=e2e/__tests__/watchModeUpdateSnapshot.test.ts
[2026-04-17T17:31:15Z] [iter=7] HEARTBEAT target_type=call_site elapsed_min=206.5 files_done=195 resolved=159 errors=3284 current=packages/jest-jasmine2/src/jestExpect.ts
[2026-04-17T17:31:45Z] [iter=7] HEARTBEAT target_type=call_site elapsed_min=207.0 files_done=197 resolved=159 errors=3292 current=e2e/__tests__/unexpectedToken.test.ts
[2026-04-17T17:32:33Z] [iter=7] HEARTBEAT target_type=call_site elapsed_min=207.8 files_done=198 resolved=163 errors=3305 current=e2e/__tests__/stackTraceSourceMaps.test.ts
[2026-04-17T17:33:28Z] [iter=7] HEARTBEAT target_type=call_site elapsed_min=208.7 files_done=201 resolved=163 errors=3320 current=packages/jest-core/src/version.ts
[2026-04-17T17:34:39Z] [iter=7] HEARTBEAT target_type=call_site elapsed_min=209.9 files_done=203 resolved=165 errors=3339 current=packages/jest-worker/src/workers/threadChild.ts
[2026-04-17T17:35:45Z] [iter=7] HEARTBEAT target_type=call_site elapsed_min=211.0 files_done=204 resolved=165 errors=3357 current=packages/test-utils/src/alignedAnsiStyleSerializer.ts
[2026-04-17T17:36:18Z] [iter=7] HEARTBEAT target_type=call_site elapsed_min=211.5 files_done=207 resolved=165 errors=3366 current=e2e/__tests__/fakeTime.test.ts
[2026-04-17T17:37:40Z] [iter=7] HEARTBEAT target_type=call_site elapsed_min=212.9 files_done=210 resolved=166 errors=3388 current=packages/jest-repl/src/cli/index.ts
[2026-04-17T17:38:13Z] [iter=7] HEARTBEAT target_type=call_site elapsed_min=213.4 files_done=213 resolved=166 errors=3397 current=e2e/__tests__/processExit.test.ts
[2026-04-17T17:38:54Z] [iter=7] HEARTBEAT target_type=call_site elapsed_min=214.1 files_done=216 resolved=166 errors=3408 current=e2e/typescript-coverage/__tests__/coveredTest.ts
[2026-04-17T17:41:07Z] [iter=7] HEARTBEAT target_type=call_site elapsed_min=216.3 files_done=218 resolved=166 errors=3444 current=packages/jest-environment-node/src/index.ts
[2026-04-17T17:41:41Z] [iter=7] HEARTBEAT target_type=call_site elapsed_min=216.9 files_done=222 resolved=170 errors=3453 current=examples/typescript/__tests__/sub-test.ts
[2026-04-17T17:42:22Z] [iter=7] HEARTBEAT target_type=call_site elapsed_min=217.6 files_done=225 resolved=172 errors=3464 current=packages/jest-haste-map/src/watchers/FSEventsWatcher.ts
[2026-04-17T17:44:50Z] [iter=7] HEARTBEAT target_type=call_site elapsed_min=220.1 files_done=226 resolved=172 errors=3504 current=packages/jest-runtime/src/helpers.ts
[2026-04-17T17:45:52Z] [iter=7] HEARTBEAT target_type=call_site elapsed_min=221.1 files_done=227 resolved=173 errors=3521 current=e2e/__tests__/coverageWithoutTransform.test.ts
[2026-04-17T17:46:29Z] [iter=7] HEARTBEAT target_type=call_site elapsed_min=221.7 files_done=229 resolved=174 errors=3531 current=e2e/__tests__/moduleNameMapper.test.ts
[2026-04-17T17:47:03Z] [iter=7] HEARTBEAT target_type=call_site elapsed_min=222.3 files_done=230 resolved=174 errors=3540 current=packages/jest-resolve/src/defaultResolver.ts
[2026-04-17T17:47:39Z] [iter=7] HEARTBEAT target_type=call_site elapsed_min=222.9 files_done=231 resolved=174 errors=3550 current=e2e/__tests__/asyncRegenerator.test.ts
[2026-04-17T17:48:43Z] [iter=7] HEARTBEAT target_type=call_site elapsed_min=223.9 files_done=235 resolved=174 errors=3567 current=packages/jest-core/src/collectHandles.ts
[2026-04-17T17:50:37Z] [iter=7] HEARTBEAT target_type=call_site elapsed_min=225.9 files_done=236 resolved=174 errors=3598 current=e2e/coverage-remapping/__tests__/coveredTest.ts
[2026-04-17T17:51:37Z] [iter=7] HEARTBEAT target_type=call_site elapsed_min=226.8 files_done=238 resolved=174 errors=3614 current=e2e/__tests__/runProgrammaticallyMultipleProjects.test.ts
[2026-04-17T17:52:25Z] [iter=7] HEARTBEAT target_type=call_site elapsed_min=227.6 files_done=240 resolved=176 errors=3627 current=packages/jest-core/src/plugins/UpdateSnapshotsInteractive.ts
[2026-04-17T17:53:13Z] [iter=7] HEARTBEAT target_type=call_site elapsed_min=228.4 files_done=241 resolved=176 errors=3640 current=e2e/__tests__/testNamePatternSkipped.test.ts
[2026-04-17T17:53:44Z] [iter=7] HEARTBEAT target_type=call_site elapsed_min=229.0 files_done=243 resolved=176 errors=3648 current=packages/jest-source-map/src/getCallsite.ts
[2026-04-17T17:54:28Z] [iter=7] HEARTBEAT target_type=call_site elapsed_min=229.7 files_done=244 resolved=176 errors=3660 current=e2e/babel-plugin-jest-hoist/__tests__/typescript.test.ts
[2026-04-17T17:55:07Z] [iter=7] HEARTBEAT target_type=call_site elapsed_min=230.3 files_done=247 resolved=179 errors=3670 current=packages/pretty-format/src/collections.ts
[2026-04-17T17:55:51Z] [iter=7] HEARTBEAT target_type=call_site elapsed_min=231.1 files_done=248 resolved=179 errors=3682 current=examples/angular/shared/sub.service.ts
[2026-04-17T17:56:49Z] [iter=7] HEARTBEAT target_type=call_site elapsed_min=232.0 files_done=251 resolved=179 errors=3697 current=e2e/__tests__/esmConfigFile.test.ts
[2026-04-17T17:58:15Z] [iter=7] HEARTBEAT target_type=call_site elapsed_min=233.5 files_done=253 resolved=179 errors=3720 current=packages/jest-circus/src/__mocks__/testUtils.ts
[2026-04-17T17:58:53Z] [iter=7] HEARTBEAT target_type=call_site elapsed_min=234.1 files_done=254 resolved=182 errors=3730 current=packages/jest-jasmine2/src/__tests__/expectationResultFactory.test.ts
[2026-04-17T17:59:27Z] [iter=7] HEARTBEAT target_type=call_site elapsed_min=234.7 files_done=256 resolved=182 errors=3739 current=packages/jest-each/src/__tests__/index.test.ts
[2026-04-17T18:00:42Z] [iter=7] HEARTBEAT target_type=call_site elapsed_min=235.9 files_done=258 resolved=184 errors=3759 current=e2e/__tests__/domDiffing.test.ts
[2026-04-17T18:03:32Z] [iter=7] HEARTBEAT target_type=call_site elapsed_min=238.8 files_done=261 resolved=184 errors=3805 current=packages/jest-cli/src/init/__tests__/modifyPackageJson.test.ts
[2026-04-17T18:04:14Z] [iter=7] HEARTBEAT target_type=call_site elapsed_min=239.5 files_done=263 resolved=184 errors=3816 current=packages/jest-jasmine2/src/jasmine/SpyStrategy.ts
[2026-04-17T18:04:48Z] [iter=7] CHECKPOINT TRIGGERED elapsed_min=240.0 files_completed=1106 new_files_this_iter=265 mem_mb=2311 MB
[2026-04-17T18:04:48Z] [iter=7] Writing partial enrichment graph path=/home/runner/work/forx/forx/storage/aggregate/lsp/67c1aa20c5fec31366d733e901fee2b981cb1850.nq.gz triples=316479
[2026-04-17T18:04:54Z] [iter=7] Checkpoint written, exiting with code 7
[2026-04-17T18:04:54Z] [iter=7] PHASE END: enrich (checkpointed) elapsed_s=14402 elapsed_min=240.0 files_completed=1106
